<?xml version="1.0" encoding="UTF-8"?>
<testsuite name="Add new contact" tests="6" skipped="0" failures="0" errors="0" timestamp="2024-08-17T01:20:35" hostname="MacBook-Pro-de-Yuberth.local" time="10.326">
  <properties/>
  <testcase name="Should be able to create new contacts when the user logs in" classname="Add new contact" time="2.295"/>
  <testcase name="Should be able to delete the contact" classname="Add new contact" time="1.723"/>
  <testcase name="Should be able to get the recently added contact" classname="Add new contact" time="1.69"/>
  <testcase name="Should be able to get contacts list" classname="Add new contact" time="1.215"/>
  <testcase name="Should be able to update just one attribute of the contact" classname="Add new contact" time="1.772"/>
  <testcase name="Should be able to update the contact information" classname="Add new contact" time="1.63"/>
  <system-out><![CDATA[
@contacts @smoke @newcontact
Scenario: Should be able to create new contacts when the user logs in ?[90m# src/test/resources/features/contacts.feature:7?[0m
  ?[32mGiven ?[0m?[32m?[0m?[32m?[1mSam?[0m?[32m is logged into the application?[0m                            ?[90m# stepdefinitions.CreateContactStepDefinitions.user_is_logged_in_the_application(java.lang.String)?[0m
  ?[32mWhen ?[0m?[32m?[0m?[32m?[1mSam?[0m?[32m requested the add contact service?[0m                          ?[90m# stepdefinitions.CreateContactStepDefinitions.user_requested_the_add_contact_service(java.lang.String)?[0m
  ?[32mThen ?[0m?[32mhe should see the contact created successfully?[0m                 ?[90m# stepdefinitions.CreateContactStepDefinitions.user_should_see_the_new_created_contact()?[0m

@contacts @smoke @newcontact
Scenario: Should be able to delete the contact       ?[90m# src/test/resources/features/contacts.feature:12?[0m
  ?[32mGiven ?[0m?[32m?[0m?[32m?[1mSam?[0m?[32m is logged into the application?[0m           ?[90m# stepdefinitions.CreateContactStepDefinitions.user_is_logged_in_the_application(java.lang.String)?[0m
  ?[32mAnd ?[0m?[32m?[0m?[32m?[1mSam?[0m?[32m requested the add contact service?[0m          ?[90m# stepdefinitions.CreateContactStepDefinitions.user_requested_the_add_contact_service(java.lang.String)?[0m
  ?[32mAnd ?[0m?[32mhe should see the contact created successfully?[0m ?[90m# stepdefinitions.CreateContactStepDefinitions.user_should_see_the_new_created_contact()?[0m
  ?[32mWhen ?[0m?[32mSam try to delete the contact?[0m                 ?[90m# stepdefinitions.DeleteContactStepDefinitions.user_try_to_delete_the_contact()?[0m
  ?[32mThen ?[0m?[32mhe should see the contact was deleted?[0m         ?[90m# stepdefinitions.DeleteContactStepDefinitions.he_should_see_the_contact_was_deleted()?[0m

@contacts @smoke @newcontact
Scenario: Should be able to get the recently added contact  ?[90m# src/test/resources/features/contacts.feature:19?[0m
  ?[32mGiven ?[0m?[32m?[0m?[32m?[1mSam?[0m?[32m is logged into the application?[0m                  ?[90m# stepdefinitions.CreateContactStepDefinitions.user_is_logged_in_the_application(java.lang.String)?[0m
  ?[32mAnd ?[0m?[32m?[0m?[32m?[1mSam?[0m?[32m requested the add contact service?[0m                 ?[90m# stepdefinitions.CreateContactStepDefinitions.user_requested_the_add_contact_service(java.lang.String)?[0m
  ?[32mWhen ?[0m?[32m?[0m?[32m?[1mSam?[0m?[32m requested the contact service?[0m                    ?[90m# stepdefinitions.GetContactStepDefinitions.user_requested_the_contact_service(java.lang.String)?[0m
  ?[32mThen ?[0m?[32mhe should see the contact requested was successfully?[0m ?[90m# stepdefinitions.GetContactStepDefinitions.user_should_see_the_contact_requested()?[0m

@contacts @smoke @newcontact
Scenario: Should be able to get contacts list        ?[90m# src/test/resources/features/contacts.feature:26?[0m
  ?[32mGiven ?[0m?[32m?[0m?[32m?[1mSam?[0m?[32m is logged into the application?[0m           ?[90m# stepdefinitions.CreateContactStepDefinitions.user_is_logged_in_the_application(java.lang.String)?[0m
  ?[32mWhen ?[0m?[32m?[0m?[32m?[1mSam?[0m?[32m requested the list of contacts?[0m            ?[90m# stepdefinitions.GetContactListStepDefinitions.user_requested_the_list_of_contacts(java.lang.String)?[0m
  ?[32mThen ?[0m?[32mhe should see a successfully request response?[0m ?[90m# stepdefinitions.GetContactListStepDefinitions.user_should_see_the_created_contacts()?[0m

@contacts @smoke @newcontact
Scenario: Should be able to update just one attribute of the contact ?[90m# src/test/resources/features/contacts.feature:31?[0m
  ?[32mGiven ?[0m?[32m?[0m?[32m?[1mSam?[0m?[32m is logged into the application?[0m                           ?[90m# stepdefinitions.CreateContactStepDefinitions.user_is_logged_in_the_application(java.lang.String)?[0m
  ?[32mAnd ?[0m?[32m?[0m?[32m?[1mSam?[0m?[32m requested the add contact service?[0m                          ?[90m# stepdefinitions.CreateContactStepDefinitions.user_requested_the_add_contact_service(java.lang.String)?[0m
  ?[32mAnd ?[0m?[32mhe should see the contact created successfully?[0m                 ?[90m# stepdefinitions.CreateContactStepDefinitions.user_should_see_the_new_created_contact()?[0m
  ?[32mWhen ?[0m?[32mSam try to update just one attribute of the contact?[0m           ?[90m# stepdefinitions.UpdateContactStepDefinitons.user_try_to_update_just_one_attribute_of_the_contact()?[0m
  ?[32mThen ?[0m?[32mhe should see a successfully response?[0m                         ?[90m# stepdefinitions.UpdateContactStepDefinitons.user_should_see_the_contact_updated()?[0m

@contacts @smoke @newcontact
Scenario: Should be able to update the contact information ?[90m# src/test/resources/features/contacts.feature:38?[0m
  ?[32mGiven ?[0m?[32m?[0m?[32m?[1mSam?[0m?[32m is logged into the application?[0m                 ?[90m# stepdefinitions.CreateContactStepDefinitions.user_is_logged_in_the_application(java.lang.String)?[0m
  ?[32mAnd ?[0m?[32m?[0m?[32m?[1mSam?[0m?[32m requested the add contact service?[0m                ?[90m# stepdefinitions.CreateContactStepDefinitions.user_requested_the_add_contact_service(java.lang.String)?[0m
  ?[32mAnd ?[0m?[32mhe should see the contact created successfully?[0m       ?[90m# stepdefinitions.CreateContactStepDefinitions.user_should_see_the_new_created_contact()?[0m
  ?[32mWhen ?[0m?[32mSam try to update the contact?[0m                       ?[90m# stepdefinitions.UpdateContactStepDefinitons.user_try_to_update_the_contact()?[0m
  ?[32mThen ?[0m?[32mhe should see a successfully response?[0m               ?[90m# stepdefinitions.UpdateContactStepDefinitons.user_should_see_the_contact_updated()?[0m
]]></system-out>
  <system-err><![CDATA[[Test worker] INFO  - 
  _____   ___   ___   _____     ___   _____     _     ___   _____   ___   ___  
 |_   _| | __| / __| |_   _|   / __| |_   _|   /_\   | _ \ |_   _| | __| |   \ 
   | |   | _|  \__ \   | |     \__ \   | |    / _ \  |   /   | |   | _|  | |) |
   |_|   |___| |___/   |_|     |___/   |_|   /_/ \_\ |_|_\   |_|   |___| |___/ 

Should be able to create new contacts when the user logs in(add-new-contact;should-be-able-to-create-new-contacts-when-the-user-logs-in)
--------------------------------------------------------------------------------
[Test worker] INFO  - 
  _____   ___   ___   _____     ___     _     ___   ___   ___   ___  
 |_   _| | __| / __| |_   _|   | _ \   /_\   / __| / __| | __| |   \ 
   | |   | _|  \__ \   | |     |  _/  / _ \  \__ \ \__ \ | _|  | |) |
   |_|   |___| |___/   |_|     |_|   /_/ \_\ |___/ |___/ |___| |___/ 

Should be able to create new contacts when the user logs in
----------------------------------------------------------------------
[Test worker] INFO  - 
  _____   ___   ___   _____     ___   _____     _     ___   _____   ___   ___  
 |_   _| | __| / __| |_   _|   / __| |_   _|   /_\   | _ \ |_   _| | __| |   \ 
   | |   | _|  \__ \   | |     \__ \   | |    / _ \  |   /   | |   | _|  | |) |
   |_|   |___| |___/   |_|     |___/   |_|   /_/ \_\ |_|_\   |_|   |___| |___/ 

Should be able to delete the contact(add-new-contact;should-be-able-to-delete-the-contact)
--------------------------------------------------------------------------------
[Test worker] INFO  - 
  _____   ___   ___   _____     ___     _     ___   ___   ___   ___  
 |_   _| | __| / __| |_   _|   | _ \   /_\   / __| / __| | __| |   \ 
   | |   | _|  \__ \   | |     |  _/  / _ \  \__ \ \__ \ | _|  | |) |
   |_|   |___| |___/   |_|     |_|   /_/ \_\ |___/ |___/ |___| |___/ 

Should be able to delete the contact
----------------------------------------------------------------------
[Test worker] INFO  - 
  _____   ___   ___   _____     ___   _____     _     ___   _____   ___   ___  
 |_   _| | __| / __| |_   _|   / __| |_   _|   /_\   | _ \ |_   _| | __| |   \ 
   | |   | _|  \__ \   | |     \__ \   | |    / _ \  |   /   | |   | _|  | |) |
   |_|   |___| |___/   |_|     |___/   |_|   /_/ \_\ |_|_\   |_|   |___| |___/ 

Should be able to get the recently added contact(add-new-contact;should-be-able-to-get-the-recently-added-contact)
--------------------------------------------------------------------------------
[Test worker] INFO  - 
  _____   ___   ___   _____     ___     _     ___   ___   ___   ___  
 |_   _| | __| / __| |_   _|   | _ \   /_\   / __| / __| | __| |   \ 
   | |   | _|  \__ \   | |     |  _/  / _ \  \__ \ \__ \ | _|  | |) |
   |_|   |___| |___/   |_|     |_|   /_/ \_\ |___/ |___/ |___| |___/ 

Should be able to get the recently added contact
----------------------------------------------------------------------
[Test worker] INFO  - 
  _____   ___   ___   _____     ___   _____     _     ___   _____   ___   ___  
 |_   _| | __| / __| |_   _|   / __| |_   _|   /_\   | _ \ |_   _| | __| |   \ 
   | |   | _|  \__ \   | |     \__ \   | |    / _ \  |   /   | |   | _|  | |) |
   |_|   |___| |___/   |_|     |___/   |_|   /_/ \_\ |_|_\   |_|   |___| |___/ 

Should be able to get contacts list(add-new-contact;should-be-able-to-get-contacts-list)
--------------------------------------------------------------------------------
[Test worker] INFO  - 
  _____   ___   ___   _____     ___     _     ___   ___   ___   ___  
 |_   _| | __| / __| |_   _|   | _ \   /_\   / __| / __| | __| |   \ 
   | |   | _|  \__ \   | |     |  _/  / _ \  \__ \ \__ \ | _|  | |) |
   |_|   |___| |___/   |_|     |_|   /_/ \_\ |___/ |___/ |___| |___/ 

Should be able to get contacts list
----------------------------------------------------------------------
[Test worker] INFO  - 
  _____   ___   ___   _____     ___   _____     _     ___   _____   ___   ___  
 |_   _| | __| / __| |_   _|   / __| |_   _|   /_\   | _ \ |_   _| | __| |   \ 
   | |   | _|  \__ \   | |     \__ \   | |    / _ \  |   /   | |   | _|  | |) |
   |_|   |___| |___/   |_|     |___/   |_|   /_/ \_\ |_|_\   |_|   |___| |___/ 

Should be able to update just one attribute of the contact(add-new-contact;should-be-able-to-update-just-one-attribute-of-the-contact)
--------------------------------------------------------------------------------
[Test worker] INFO  - 
  _____   ___   ___   _____     ___     _     ___   ___   ___   ___  
 |_   _| | __| / __| |_   _|   | _ \   /_\   / __| / __| | __| |   \ 
   | |   | _|  \__ \   | |     |  _/  / _ \  \__ \ \__ \ | _|  | |) |
   |_|   |___| |___/   |_|     |_|   /_/ \_\ |___/ |___/ |___| |___/ 

Should be able to update just one attribute of the contact
----------------------------------------------------------------------
[Test worker] INFO  - 
  _____   ___   ___   _____     ___   _____     _     ___   _____   ___   ___  
 |_   _| | __| / __| |_   _|   / __| |_   _|   /_\   | _ \ |_   _| | __| |   \ 
   | |   | _|  \__ \   | |     \__ \   | |    / _ \  |   /   | |   | _|  | |) |
   |_|   |___| |___/   |_|     |___/   |_|   /_/ \_\ |_|_\   |_|   |___| |___/ 

Should be able to update the contact information(add-new-contact;should-be-able-to-update-the-contact-information)
--------------------------------------------------------------------------------
[Test worker] INFO  - 
  _____   ___   ___   _____     ___     _     ___   ___   ___   ___  
 |_   _| | __| / __| |_   _|   | _ \   /_\   / __| / __| | __| |   \ 
   | |   | _|  \__ \   | |     |  _/  / _ \  \__ \ \__ \ | _|  | |) |
   |_|   |___| |___/   |_|     |_|   /_/ \_\ |___/ |___/ |___| |___/ 

Should be able to update the contact information
----------------------------------------------------------------------
]]></system-err>
</testsuite>
