<?xml version="1.0" encoding="UTF-8"?>
<testsuite name="Get my profile" tests="1" skipped="0" failures="0" errors="0" timestamp="2024-08-16T22:08:17" hostname="MacBook-Pro-de-Yuberth.local" time="1.138">
  <properties/>
  <testcase name="Should be able to get the profile information" classname="Get my profile" time="1.138"/>
  <system-out><![CDATA[
@contacts @smoke @getprofile
Scenario: Should be able to get the profile information ?[90m# src/test/resources/features/get_profile.feature:4?[0m
  ?[32mGiven ?[0m?[32m?[0m?[32m?[1mSam?[0m?[32m is logged into the application?[0m              ?[90m# stepdefinitions.CreateContactStepDefinitions.user_is_logged_in_the_application(java.lang.String)?[0m
  ?[32mAnd ?[0m?[32m?[0m?[32m?[1mSam?[0m?[32m requested the profile service?[0m                 ?[90m# stepdefinitions.GetProfileStepDefinitions.sam_requested_the_profile_service(java.lang.String)?[0m
  ?[32mThen ?[0m?[32mhe should see the profile response successfully?[0m  ?[90m# stepdefinitions.GetProfileStepDefinitions.user_should_see_the_profile_response()?[0m
]]></system-out>
  <system-err><![CDATA[[Test worker] INFO  - 
  _____   ___   ___   _____     ___   _____     _     ___   _____   ___   ___  
 |_   _| | __| / __| |_   _|   / __| |_   _|   /_\   | _ \ |_   _| | __| |   \ 
   | |   | _|  \__ \   | |     \__ \   | |    / _ \  |   /   | |   | _|  | |) |
   |_|   |___| |___/   |_|     |___/   |_|   /_/ \_\ |_|_\   |_|   |___| |___/ 

Should be able to get the profile information(get-my-profile;should-be-able-to-get-the-profile-information)
--------------------------------------------------------------------------------
[Test worker] INFO  - 
  _____   ___   ___   _____     ___     _     ___   ___   ___   ___  
 |_   _| | __| / __| |_   _|   | _ \   /_\   / __| / __| | __| |   \ 
   | |   | _|  \__ \   | |     |  _/  / _ \  \__ \ \__ \ | _|  | |) |
   |_|   |___| |___/   |_|     |_|   /_/ \_\ |___/ |___/ |___| |___/ 

Should be able to get the profile information
----------------------------------------------------------------------
]]></system-err>
</testsuite>
