<?xml version="1.0" encoding="UTF-8"?>
<testsuite name="Get the contacts list" tests="1" skipped="0" failures="0" errors="0" timestamp="2024-08-16T22:08:15" hostname="MacBook-Pro-de-Yuberth.local" time="1.226">
  <properties/>
  <testcase name="Should be able to get contacts list" classname="Get the contacts list" time="1.226"/>
  <system-out><![CDATA[
@contacts @smoke @list
Scenario: Should be able to get contacts list        ?[90m# src/test/resources/features/get_contacts.feature:4?[0m
  ?[32mGiven ?[0m?[32m?[0m?[32m?[1mSam?[0m?[32m is logged into the application?[0m           ?[90m# stepdefinitions.CreateContactStepDefinitions.user_is_logged_in_the_application(java.lang.String)?[0m
  ?[32mWhen ?[0m?[32m?[0m?[32m?[1mSam?[0m?[32m requested the list of contacts?[0m            ?[90m# stepdefinitions.GetContactListStepDefinitions.user_requested_the_list_of_contacts(java.lang.String)?[0m
  ?[32mThen ?[0m?[32mhe should see a successfully request response?[0m ?[90m# stepdefinitions.GetContactListStepDefinitions.user_should_see_the_created_contacts()?[0m
]]></system-out>
  <system-err><![CDATA[[Test worker] INFO  - 
  _____   ___   ___   _____     ___   _____     _     ___   _____   ___   ___  
 |_   _| | __| / __| |_   _|   / __| |_   _|   /_\   | _ \ |_   _| | __| |   \ 
   | |   | _|  \__ \   | |     \__ \   | |    / _ \  |   /   | |   | _|  | |) |
   |_|   |___| |___/   |_|     |___/   |_|   /_/ \_\ |_|_\   |_|   |___| |___/ 

Should be able to get contacts list(get-the-contacts-list;should-be-able-to-get-contacts-list)
--------------------------------------------------------------------------------
[Test worker] INFO  - 
  _____   ___   ___   _____     ___     _     ___   ___   ___   ___  
 |_   _| | __| / __| |_   _|   | _ \   /_\   / __| / __| | __| |   \ 
   | |   | _|  \__ \   | |     |  _/  / _ \  \__ \ \__ \ | _|  | |) |
   |_|   |___| |___/   |_|     |_|   /_/ \_\ |___/ |___/ |___| |___/ 

Should be able to get contacts list
----------------------------------------------------------------------
]]></system-err>
</testsuite>
