<?xml version="1.0" encoding="UTF-8"?>
<testsuite name="Add new user" tests="1" skipped="0" failures="0" errors="0" timestamp="2024-08-16T22:08:09" hostname="MacBook-Pro-de-Yuberth.local" time="2.236">
  <properties/>
  <testcase name="Should be able to create new users when the user logs in" classname="Add new user" time="2.236"/>
  <system-out><![CDATA[
@users @smoke @newuser
Scenario: Should be able to create new users when the user logs in ?[90m# src/test/resources/features/add_user.feature:7?[0m
  ?[32mGiven ?[0m?[32m?[0m?[32m?[1mSam?[0m?[32m is logged into the application?[0m                         ?[90m# stepdefinitions.CreateContactStepDefinitions.user_is_logged_in_the_application(java.lang.String)?[0m
  ?[32mWhen ?[0m?[32mhe requested the add user service?[0m                           ?[90m# stepdefinitions.CreateUserStepDefinitions.user_requested_the_add_user_service()?[0m
  ?[32mThen ?[0m?[32mhe should see user created successfully?[0m                     ?[90m# stepdefinitions.CreateUserStepDefinitions.user_should_see_the_newly_created_user()?[0m
]]></system-out>
  <system-err><![CDATA[[Test worker] INFO  - 
  _____   ___   ___   _____     ___   _____     _     ___   _____   ___   ___  
 |_   _| | __| / __| |_   _|   / __| |_   _|   /_\   | _ \ |_   _| | __| |   \ 
   | |   | _|  \__ \   | |     \__ \   | |    / _ \  |   /   | |   | _|  | |) |
   |_|   |___| |___/   |_|     |___/   |_|   /_/ \_\ |_|_\   |_|   |___| |___/ 

Should be able to create new users when the user logs in(add-new-user;should-be-able-to-create-new-users-when-the-user-logs-in)
--------------------------------------------------------------------------------
[Test worker] INFO  - 
  _____   ___   ___   _____     ___     _     ___   ___   ___   ___  
 |_   _| | __| / __| |_   _|   | _ \   /_\   / __| / __| | __| |   \ 
   | |   | _|  \__ \   | |     |  _/  / _ \  \__ \ \__ \ | _|  | |) |
   |_|   |___| |___/   |_|     |_|   /_/ \_\ |___/ |___/ |___| |___/ 

Should be able to create new users when the user logs in
----------------------------------------------------------------------
]]></system-err>
</testsuite>
