<?xml version="1.0" encoding="UTF-8"?>
<testsuite name="logout user" tests="1" skipped="0" failures="0" errors="0" timestamp="2024-08-16T22:08:18" hostname="MacBook-Pro-de-Yuberth.local" time="1.107">
  <properties/>
  <testcase name="Should be able to logout from the application" classname="logout user" time="1.107"/>
  <system-out><![CDATA[
@users @smoke @logout
Scenario: Should be able to logout from the application ?[90m# src/test/resources/features/logout_user.feature:4?[0m
  ?[32mGiven ?[0m?[32m?[0m?[32m?[1mSam?[0m?[32m is logged into the application?[0m              ?[90m# stepdefinitions.CreateContactStepDefinitions.user_is_logged_in_the_application(java.lang.String)?[0m
  ?[32mWhen ?[0m?[32mSam requested the logout service?[0m                 ?[90m# stepdefinitions.LogOutStepDefinitions.user_requested_the_logout_service()?[0m
  ?[32mThen ?[0m?[32mhe should exit the app?[0m                           ?[90m# stepdefinitions.LogOutStepDefinitions.user_should_exit_the_app()?[0m
]]></system-out>
  <system-err><![CDATA[[Test worker] INFO  - 
  _____   ___   ___   _____     ___   _____     _     ___   _____   ___   ___  
 |_   _| | __| / __| |_   _|   / __| |_   _|   /_\   | _ \ |_   _| | __| |   \ 
   | |   | _|  \__ \   | |     \__ \   | |    / _ \  |   /   | |   | _|  | |) |
   |_|   |___| |___/   |_|     |___/   |_|   /_/ \_\ |_|_\   |_|   |___| |___/ 

Should be able to logout from the application(logout-user;should-be-able-to-logout-from-the-application)
--------------------------------------------------------------------------------
[Test worker] INFO  - 
  _____   ___   ___   _____     ___     _     ___   ___   ___   ___  
 |_   _| | __| / __| |_   _|   | _ \   /_\   / __| / __| | __| |   \ 
   | |   | _|  \__ \   | |     |  _/  / _ \  \__ \ \__ \ | _|  | |) |
   |_|   |___| |___/   |_|     |_|   /_/ \_\ |___/ |___/ |___| |___/ 

Should be able to logout from the application
----------------------------------------------------------------------
]]></system-err>
</testsuite>
