<?xml version="1.0" encoding="UTF-8"?>
<testsuite name="delete user" tests="1" skipped="0" failures="0" errors="0" timestamp="2024-08-16T22:08:11" hostname="MacBook-Pro-de-Yuberth.local" time="2.28">
  <properties/>
  <testcase name="Should be able to delete a user" classname="delete user" time="2.28"/>
  <system-out><![CDATA[
@users @smoke @deleteuser
Scenario: Should be able to delete a user              ?[90m# src/test/resources/features/delete_user.feature:4?[0m
  ?[32mGiven ?[0m?[32m?[0m?[32m?[1mSam?[0m?[32m is logged into the application?[0m             ?[90m# stepdefinitions.CreateContactStepDefinitions.user_is_logged_in_the_application(java.lang.String)?[0m
  ?[32mWhen ?[0m?[32mSam requested the delete user service?[0m           ?[90m# stepdefinitions.DeleteUserStepDefinitions.user_requested_the_delete_user_service()?[0m
  ?[32mThen ?[0m?[32mhe should see the user was deleted successfully?[0m ?[90m# stepdefinitions.DeleteUserStepDefinitions.user_should_see_the_user_was_deleted_successfully()?[0m
]]></system-out>
  <system-err><![CDATA[[Test worker] INFO  - 
  _____   ___   ___   _____     ___   _____     _     ___   _____   ___   ___  
 |_   _| | __| / __| |_   _|   / __| |_   _|   /_\   | _ \ |_   _| | __| |   \ 
   | |   | _|  \__ \   | |     \__ \   | |    / _ \  |   /   | |   | _|  | |) |
   |_|   |___| |___/   |_|     |___/   |_|   /_/ \_\ |_|_\   |_|   |___| |___/ 

Should be able to delete a user(delete-user;should-be-able-to-delete-a-user)
--------------------------------------------------------------------------------
[Test worker] INFO  - 
  _____   ___   ___   _____     ___     _     ___   ___   ___   ___  
 |_   _| | __| / __| |_   _|   | _ \   /_\   / __| / __| | __| |   \ 
   | |   | _|  \__ \   | |     |  _/  / _ \  \__ \ \__ \ | _|  | |) |
   |_|   |___| |___/   |_|     |_|   /_/ \_\ |___/ |___/ |___| |___/ 

Should be able to delete a user
----------------------------------------------------------------------
]]></system-err>
</testsuite>
