<?xml version="1.0" encoding="UTF-8"?>
<testsuite name="update user" tests="1" skipped="0" failures="0" errors="0" timestamp="2024-08-16T22:08:21" hostname="MacBook-Pro-de-Yuberth.local" time="1.617">
  <properties/>
  <testcase name="Should be able to update a user" classname="update user" time="1.617"/>
  <system-out><![CDATA[
@users @smoke @updateuser
Scenario: Should be able to update a user                   ?[90m# src/test/resources/features/update_user.feature:4?[0m
  ?[32mGiven ?[0m?[32m?[0m?[32m?[1mSam?[0m?[32m is logged into the application?[0m                  ?[90m# stepdefinitions.CreateContactStepDefinitions.user_is_logged_in_the_application(java.lang.String)?[0m
  ?[32mWhen ?[0m?[32m?[0m?[32m?[1mSam?[0m?[32m requested the update user service?[0m                ?[90m# stepdefinitions.UpdateUserStepDefinitions.user_requested_the_update_user_service(java.lang.String)?[0m
samtest@fake.com
  ?[32mThen ?[0m?[32mhe should see the updated user successfully response?[0m ?[90m# stepdefinitions.UpdateUserStepDefinitions.user_should_see_the_updated_user()?[0m
]]></system-out>
  <system-err><![CDATA[[Test worker] INFO  - 
  _____   ___   ___   _____     ___   _____     _     ___   _____   ___   ___  
 |_   _| | __| / __| |_   _|   / __| |_   _|   /_\   | _ \ |_   _| | __| |   \ 
   | |   | _|  \__ \   | |     \__ \   | |    / _ \  |   /   | |   | _|  | |) |
   |_|   |___| |___/   |_|     |___/   |_|   /_/ \_\ |_|_\   |_|   |___| |___/ 

Should be able to update a user(update-user;should-be-able-to-update-a-user)
--------------------------------------------------------------------------------
[Test worker] INFO  - 
  _____   ___   ___   _____     ___     _     ___   ___   ___   ___  
 |_   _| | __| / __| |_   _|   | _ \   /_\   / __| / __| | __| |   \ 
   | |   | _|  \__ \   | |     |  _/  / _ \  \__ \ \__ \ | _|  | |) |
   |_|   |___| |___/   |_|     |_|   /_/ \_\ |___/ |___/ |___| |___/ 

Should be able to update a user
----------------------------------------------------------------------
]]></system-err>
</testsuite>
