<?xml version="1.0" encoding="UTF-8"?>
<testsuite name="Update one attribute of the contact information" tests="1" skipped="0" failures="0" errors="0" timestamp="2024-08-16T22:08:19" hostname="MacBook-Pro-de-Yuberth.local" time="1.977">
  <properties/>
  <testcase name="Should be able to update just one attribute of the contact" classname="Update one attribute of the contact information" time="1.977"/>
  <system-out><![CDATA[
@contacts @smoke @updateattribute
Scenario: Should be able to update just one attribute of the contact ?[90m# src/test/resources/features/update_attribute_contact.feature:4?[0m
  ?[32mGiven ?[0m?[32m?[0m?[32m?[1mSam?[0m?[32m is logged into the application?[0m                           ?[90m# stepdefinitions.CreateContactStepDefinitions.user_is_logged_in_the_application(java.lang.String)?[0m
  ?[32mAnd ?[0m?[32m?[0m?[32m?[1mSam?[0m?[32m requested the add contact service?[0m                          ?[90m# stepdefinitions.CreateContactStepDefinitions.user_requested_the_add_contact_service(java.lang.String)?[0m
  ?[32mAnd ?[0m?[32mhe should see the contact created successfully?[0m                 ?[90m# stepdefinitions.CreateContactStepDefinitions.user_should_see_the_new_created_contact()?[0m
  ?[32mWhen ?[0m?[32mSam try to update just one attribute of the contact?[0m           ?[90m# stepdefinitions.UpdateContactStepDefinitons.user_try_to_update_just_one_attribute_of_the_contact()?[0m
  ?[32mThen ?[0m?[32mhe should see a successfully response?[0m                         ?[90m# stepdefinitions.UpdateContactStepDefinitons.user_should_see_the_contact_updated()?[0m
]]></system-out>
  <system-err><![CDATA[[Test worker] INFO  - 
  _____   ___   ___   _____     ___   _____     _     ___   _____   ___   ___  
 |_   _| | __| / __| |_   _|   / __| |_   _|   /_\   | _ \ |_   _| | __| |   \ 
   | |   | _|  \__ \   | |     \__ \   | |    / _ \  |   /   | |   | _|  | |) |
   |_|   |___| |___/   |_|     |___/   |_|   /_/ \_\ |_|_\   |_|   |___| |___/ 

Should be able to update just one attribute of the contact(update-one-attribute-of-the-contact-information;should-be-able-to-update-just-one-attribute-of-the-contact)
--------------------------------------------------------------------------------
[Test worker] INFO  - 
  _____   ___   ___   _____     ___     _     ___   ___   ___   ___  
 |_   _| | __| / __| |_   _|   | _ \   /_\   / __| / __| | __| |   \ 
   | |   | _|  \__ \   | |     |  _/  / _ \  \__ \ \__ \ | _|  | |) |
   |_|   |___| |___/   |_|     |_|   /_/ \_\ |___/ |___/ |___| |___/ 

Should be able to update just one attribute of the contact
----------------------------------------------------------------------
]]></system-err>
</testsuite>
